<?xml version="1.0" encoding="UTF-8"?>
<!-- Generated by org.testng.reporters.JUnitXMLReporter -->
<testsuite hostname="CarinaE" tests="5" failures="0" timestamp="18 Oct 2016 18:40:44 GMT" time="0.675" errors="0">
  <testcase name="testDivideByZero on testDivideByZero(CalculatorTest)" time="0.013" classname="CalculatorTest"/>
  <testcase name="testAdd on testAdd(CalculatorTest)" time="0.134" classname="CalculatorTest"/>
  <testcase name="testSubtract on testSubtract(CalculatorTest)" time="0.161" classname="CalculatorTest"/>
  <testcase name="testDivide on testDivide(CalculatorTest)" time="0.127" classname="CalculatorTest"/>
  <testcase name="testMultiply on testMultiply(CalculatorTest)" time="0.069" classname="CalculatorTest"/>
</testsuite>
